<?xml version="1.0" encoding="UTF-8"?>
<testsuite xmlns:xsi="http://www.w3.org/2001/XMLSchema-instance" xsi:noNamespaceSchemaLocation="https://maven.apache.org/surefire/maven-surefire-plugin/xsd/surefire-test-report-3.0.xsd" version="3.0" name="com.healthassist.service.AppointmentServiceTest" time="0.086" tests="14" errors="0" skipped="0" failures="0">
  <properties>
[...]
</properties>
  <testcase name="buildAuditDetails_blankReasonOmitted" classname="com.healthassist.service.AppointmentServiceTest" time="0.02"/>
  <testcase name="buildAuditDetails_nullStatusesRenderQuestionMark" classname="com.healthassist.service.AppointmentServiceTest" time="0.001"/>
  <testcase name="isAppointmentInFuture_oneSecondFuture_rejected" classname="com.healthassist.service.AppointmentServiceTest" time="0.003"/>
  <testcase name="isAppointmentInFuture_pastDatetime_rejected" classname="com.healthassist.service.AppointmentServiceTest" time="0.001"/>
  <testcase name="canTransition_fromTerminalStates_rejected" classname="com.healthassist.service.AppointmentServiceTest" time="0.002"/>
  <testcase name="canTransition_pendingToCompleted_rejected" classname="com.healthassist.service.AppointmentServiceTest" time="0.002"/>
  <testcase name="canTransition_confirmedToCancelled_allowed" classname="com.healthassist.service.AppointmentServiceTest" time="0.004"/>
  <testcase name="isAppointmentInFuture_futureDatetime_accepted" classname="com.healthassist.service.AppointmentServiceTest" time="0.002"/>
  <testcase name="canTransition_pendingToCancelled_allowed" classname="com.healthassist.service.AppointmentServiceTest" time="0.002"/>
  <testcase name="buildAuditDetails_capturesStatusDiff" classname="com.healthassist.service.AppointmentServiceTest" time="0.001"/>
  <testcase name="canTransition_nullInputs_rejected" classname="com.healthassist.service.AppointmentServiceTest" time="0.005"/>
  <testcase name="canTransition_confirmedToCompleted_allowed" classname="com.healthassist.service.AppointmentServiceTest" time="0.002"/>
  <testcase name="buildAuditDetails_includesReasonWhenProvided" classname="com.healthassist.service.AppointmentServiceTest" time="0.003"/>
  <testcase name="canTransition_pendingToConfirmed_allowed" classname="com.healthassist.service.AppointmentServiceTest" time="0.001"/>
</testsuite>